<?xml version="1.0" encoding="UTF-8"?>
<testng-results ignored="0" total="1" passed="1" failed="0" skipped="0">
  <reporter-output>
  </reporter-output>
  <suite started-at="2021-04-27T18:42:25 ICT" name="Default suite" finished-at="2021-04-27T18:43:02 ICT" duration-ms="36308">
    <groups>
    </groups>
    <test started-at="2021-04-27T18:42:25 ICT" name="Default test" finished-at="2021-04-27T18:43:02 ICT" duration-ms="36308">
      <class name="openBrowser.open">
        <test-method is-config="true" signature="beforeTest()[pri:0, instance:openBrowser.open@6c1a5b54]" started-at="2021-04-27T18:42:25 ICT" name="beforeTest" finished-at="2021-04-27T18:42:28 ICT" duration-ms="2881" status="PASS">
          <reporter-output>
          </reporter-output>
        </test-method> <!-- beforeTest -->
        <test-method signature="check()[pri:0, instance:openBrowser.open@6c1a5b54]" started-at="2021-04-27T18:42:28 ICT" name="check" finished-at="2021-04-27T18:42:59 ICT" duration-ms="30931" status="PASS">
          <reporter-output>
          </reporter-output>
        </test-method> <!-- check -->
        <test-method is-config="true" signature="getResult(org.testng.ITestResult)[pri:0, instance:openBrowser.open@6c1a5b54]" started-at="2021-04-27T18:42:59 ICT" name="getResult" finished-at="2021-04-27T18:42:59 ICT" duration-ms="10" status="PASS">
          <params>
            <param index="0">
              <value>
                <![CDATA[[TestResult name=check status=SUCCESS method=open.check()[pri:0, instance:openBrowser.open@6c1a5b54] output={null}]]]>
              </value>
            </param>
          </params>
          <reporter-output>
          </reporter-output>
        </test-method> <!-- getResult -->
        <test-method is-config="true" signature="afterTest()[pri:0, instance:openBrowser.open@6c1a5b54]" started-at="2021-04-27T18:42:59 ICT" name="afterTest" finished-at="2021-04-27T18:43:02 ICT" duration-ms="2414" status="PASS">
          <reporter-output>
          </reporter-output>
        </test-method> <!-- afterTest -->
      </class> <!-- openBrowser.open -->
    </test> <!-- Default test -->
  </suite> <!-- Default suite -->
</testng-results>
